-- The C compiler identification is GNU 11.4.0
-- The CXX compiler identification is GNU 11.4.0
-- Detecting C compiler ABI info
-- Detecting C compiler ABI info - done
-- Check for working C compiler: /usr/bin/cc - skipped
-- Detecting C compile features
-- Detecting C compile features - done
-- Detecting CXX compiler ABI info
-- Detecting CXX compiler ABI info - done
-- Check for working CXX compiler: /usr/bin/c++ - skipped
-- Detecting CXX compile features
-- Detecting CXX compile features - done
-- Found ament_cmake: 1.3.12 (/opt/ros/humble/share/ament_cmake/cmake)
-- Found Python3: /usr/bin/python3 (found version "3.10.12") found components: Interpreter 
-- Configuring done
-- Generating done
-- Build files have been written to: /home/ferradar/ros2_ws/build/mono_depth_onnx
Built target ament_cmake_python_copy_mono_depth_onnx
running egg_info
creating mono_depth_onnx.egg-info
writing mono_depth_onnx.egg-info/PKG-INFO
writing dependency_links to mono_depth_onnx.egg-info/dependency_links.txt
writing top-level names to mono_depth_onnx.egg-info/top_level.txt
writing manifest file 'mono_depth_onnx.egg-info/SOURCES.txt'
reading manifest file 'mono_depth_onnx.egg-info/SOURCES.txt'
writing manifest file 'mono_depth_onnx.egg-info/SOURCES.txt'
Built target ament_cmake_python_build_mono_depth_onnx_egg
-- Install configuration: ""
-- Installing: /home/ferradar/ros2_ws/install/mono_depth_onnx/share/mono_depth_onnx/environment/pythonpath.sh
-- Installing: /home/ferradar/ros2_ws/install/mono_depth_onnx/share/mono_depth_onnx/environment/pythonpath.dsv
-- Installing: /home/ferradar/ros2_ws/install/mono_depth_onnx/local/lib/python3.10/dist-packages/mono_depth_onnx-1.0.0-py3.10.egg-info
-- Installing: /home/ferradar/ros2_ws/install/mono_depth_onnx/local/lib/python3.10/dist-packages/mono_depth_onnx-1.0.0-py3.10.egg-info/top_level.txt
-- Installing: /home/ferradar/ros2_ws/install/mono_depth_onnx/local/lib/python3.10/dist-packages/mono_depth_onnx-1.0.0-py3.10.egg-info/SOURCES.txt
-- Installing: /home/ferradar/ros2_ws/install/mono_depth_onnx/local/lib/python3.10/dist-packages/mono_depth_onnx-1.0.0-py3.10.egg-info/PKG-INFO
-- Installing: /home/ferradar/ros2_ws/install/mono_depth_onnx/local/lib/python3.10/dist-packages/mono_depth_onnx-1.0.0-py3.10.egg-info/dependency_links.txt
-- Installing: /home/ferradar/ros2_ws/install/mono_depth_onnx/local/lib/python3.10/dist-packages/mono_depth_onnx
-- Installing: /home/ferradar/ros2_ws/install/mono_depth_onnx/local/lib/python3.10/dist-packages/mono_depth_onnx/depth_metric_node.py
-- Installing: /home/ferradar/ros2_ws/install/mono_depth_onnx/local/lib/python3.10/dist-packages/mono_depth_onnx/image_source_node.py
-- Installing: /home/ferradar/ros2_ws/install/mono_depth_onnx/local/lib/python3.10/dist-packages/mono_depth_onnx/__init__.py
-- Installing: /home/ferradar/ros2_ws/install/mono_depth_onnx/local/lib/python3.10/dist-packages/mono_depth_onnx/depth_visualizer_node.py
-- Installing: /home/ferradar/ros2_ws/install/mono_depth_onnx/local/lib/python3.10/dist-packages/mono_depth_onnx/autonomous_depth_safety_node.py
-- Installing: /home/ferradar/ros2_ws/install/mono_depth_onnx/local/lib/python3.10/dist-packages/mono_depth_onnx/depth_inference_node.py
Listing '/home/ferradar/ros2_ws/install/mono_depth_onnx/local/lib/python3.10/dist-packages/mono_depth_onnx'...
Compiling '/home/ferradar/ros2_ws/install/mono_depth_onnx/local/lib/python3.10/dist-packages/mono_depth_onnx/__init__.py'...
Compiling '/home/ferradar/ros2_ws/install/mono_depth_onnx/local/lib/python3.10/dist-packages/mono_depth_onnx/autonomous_depth_safety_node.py'...
Compiling '/home/ferradar/ros2_ws/install/mono_depth_onnx/local/lib/python3.10/dist-packages/mono_depth_onnx/depth_inference_node.py'...
Compiling '/home/ferradar/ros2_ws/install/mono_depth_onnx/local/lib/python3.10/dist-packages/mono_depth_onnx/depth_metric_node.py'...
Compiling '/home/ferradar/ros2_ws/install/mono_depth_onnx/local/lib/python3.10/dist-packages/mono_depth_onnx/depth_visualizer_node.py'...
Compiling '/home/ferradar/ros2_ws/install/mono_depth_onnx/local/lib/python3.10/dist-packages/mono_depth_onnx/image_source_node.py'...
-- Installing: /home/ferradar/ros2_ws/install/mono_depth_onnx/lib/mono_depth_onnx/image_source_node.py
-- Installing: /home/ferradar/ros2_ws/install/mono_depth_onnx/lib/mono_depth_onnx/depth_inference_node.py
-- Installing: /home/ferradar/ros2_ws/install/mono_depth_onnx/lib/mono_depth_onnx/depth_metric_node.py
-- Installing: /home/ferradar/ros2_ws/install/mono_depth_onnx/lib/mono_depth_onnx/depth_visualizer_node.py
-- Installing: /home/ferradar/ros2_ws/install/mono_depth_onnx/lib/mono_depth_onnx/autonomous_depth_safety_node.py
-- Installing: /home/ferradar/ros2_ws/install/mono_depth_onnx/share/mono_depth_onnx/launch
-- Installing: /home/ferradar/ros2_ws/install/mono_depth_onnx/share/mono_depth_onnx/launch/inference.launch.py
-- Installing: /home/ferradar/ros2_ws/install/mono_depth_onnx/share/mono_depth_onnx/launch/full_pipeline.launch.py
-- Installing: /home/ferradar/ros2_ws/install/mono_depth_onnx/share/mono_depth_onnx/launch/with_autonomy.launch.py
-- Installing: /home/ferradar/ros2_ws/install/mono_depth_onnx/share/mono_depth_onnx/config
-- Installing: /home/ferradar/ros2_ws/install/mono_depth_onnx/share/mono_depth_onnx/config/mono_depth_config.yaml
-- Installing: /home/ferradar/ros2_ws/install/mono_depth_onnx/share/mono_depth_onnx/config/test_config.yaml
-- Installing: /home/ferradar/ros2_ws/install/mono_depth_onnx/share/mono_depth_onnx/models
-- Installing: /home/ferradar/ros2_ws/install/mono_depth_onnx/share/mono_depth_onnx/data
-- Installing: /home/ferradar/ros2_ws/install/mono_depth_onnx/share/mono_depth_onnx/data/images
-- Installing: /home/ferradar/ros2_ws/install/mono_depth_onnx/share/mono_depth_onnx/data/images/test_image_005.jpg
-- Installing: /home/ferradar/ros2_ws/install/mono_depth_onnx/share/mono_depth_onnx/data/images/test_image_001.jpg
-- Installing: /home/ferradar/ros2_ws/install/mono_depth_onnx/share/mono_depth_onnx/data/images/test_image_003.jpg
-- Installing: /home/ferradar/ros2_ws/install/mono_depth_onnx/share/mono_depth_onnx/data/images/test_image_004.jpg
-- Installing: /home/ferradar/ros2_ws/install/mono_depth_onnx/share/mono_depth_onnx/data/images/test_image_002.jpg
-- Installing: /home/ferradar/ros2_ws/install/mono_depth_onnx/share/mono_depth_onnx/assets
-- Installing: /home/ferradar/ros2_ws/install/mono_depth_onnx/share/mono_depth_onnx/scripts
-- Installing: /home/ferradar/ros2_ws/install/mono_depth_onnx/share/mono_depth_onnx/scripts/download_midas_model.py
-- Installing: /home/ferradar/ros2_ws/install/mono_depth_onnx/share/mono_depth_onnx/scripts/generate_test_images.py
-- Installing: /home/ferradar/ros2_ws/install/mono_depth_onnx/share/ament_index/resource_index/package_run_dependencies/mono_depth_onnx
-- Installing: /home/ferradar/ros2_ws/install/mono_depth_onnx/share/ament_index/resource_index/parent_prefix_path/mono_depth_onnx
-- Installing: /home/ferradar/ros2_ws/install/mono_depth_onnx/share/mono_depth_onnx/environment/ament_prefix_path.sh
-- Installing: /home/ferradar/ros2_ws/install/mono_depth_onnx/share/mono_depth_onnx/environment/ament_prefix_path.dsv
-- Installing: /home/ferradar/ros2_ws/install/mono_depth_onnx/share/mono_depth_onnx/environment/path.sh
-- Installing: /home/ferradar/ros2_ws/install/mono_depth_onnx/share/mono_depth_onnx/environment/path.dsv
-- Installing: /home/ferradar/ros2_ws/install/mono_depth_onnx/share/mono_depth_onnx/local_setup.bash
-- Installing: /home/ferradar/ros2_ws/install/mono_depth_onnx/share/mono_depth_onnx/local_setup.sh
-- Installing: /home/ferradar/ros2_ws/install/mono_depth_onnx/share/mono_depth_onnx/local_setup.zsh
-- Installing: /home/ferradar/ros2_ws/install/mono_depth_onnx/share/mono_depth_onnx/local_setup.dsv
-- Installing: /home/ferradar/ros2_ws/install/mono_depth_onnx/share/mono_depth_onnx/package.dsv
-- Installing: /home/ferradar/ros2_ws/install/mono_depth_onnx/share/ament_index/resource_index/packages/mono_depth_onnx
-- Installing: /home/ferradar/ros2_ws/install/mono_depth_onnx/share/mono_depth_onnx/cmake/mono_depth_onnxConfig.cmake
-- Installing: /home/ferradar/ros2_ws/install/mono_depth_onnx/share/mono_depth_onnx/cmake/mono_depth_onnxConfig-version.cmake
-- Installing: /home/ferradar/ros2_ws/install/mono_depth_onnx/share/mono_depth_onnx/package.xml
