[0.025s] Invoking command in '/home/ferradar/ros2_ws/build/mono_depth_onnx': CMAKE_PREFIX_PATH=${CMAKE_PREFIX_PATH}:/opt/ros/humble /usr/bin/cmake /home/ferradar/ros2_ws/src/nomeer_robot_ros2/src/mono_depth_onnx -DCMAKE_INSTALL_PREFIX=/home/ferradar/ros2_ws/install/mono_depth_onnx
[0.108s] -- The C compiler identification is GNU 11.4.0
[0.223s] -- The CXX compiler identification is GNU 11.4.0
[0.252s] -- Detecting C compiler ABI info
[0.395s] -- Detecting C compiler ABI info - done
[0.430s] -- Check for working C compiler: /usr/bin/cc - skipped
[0.434s] -- Detecting C compile features
[0.434s] -- Detecting C compile features - done
[0.446s] -- Detecting CXX compiler ABI info
[0.616s] -- Detecting CXX compiler ABI info - done
[0.640s] -- Check for working CXX compiler: /usr/bin/c++ - skipped
[0.640s] -- Detecting CXX compile features
[0.641s] -- Detecting CXX compile features - done
[0.643s] -- Found ament_cmake: 1.3.12 (/opt/ros/humble/share/ament_cmake/cmake)
[0.878s] -- Found Python3: /usr/bin/python3 (found version "3.10.12") found components: Interpreter 
[1.356s] -- Configuring done
[1.372s] -- Generating done
[1.376s] -- Build files have been written to: /home/ferradar/ros2_ws/build/mono_depth_onnx
[1.385s] Invoked command in '/home/ferradar/ros2_ws/build/mono_depth_onnx' returned '0': CMAKE_PREFIX_PATH=${CMAKE_PREFIX_PATH}:/opt/ros/humble /usr/bin/cmake /home/ferradar/ros2_ws/src/nomeer_robot_ros2/src/mono_depth_onnx -DCMAKE_INSTALL_PREFIX=/home/ferradar/ros2_ws/install/mono_depth_onnx
[1.392s] Invoking command in '/home/ferradar/ros2_ws/build/mono_depth_onnx': CMAKE_PREFIX_PATH=${CMAKE_PREFIX_PATH}:/opt/ros/humble /usr/bin/cmake --build /home/ferradar/ros2_ws/build/mono_depth_onnx -- -j6 -l6
[1.510s] Built target ament_cmake_python_copy_mono_depth_onnx
[1.943s] running egg_info
[1.944s] creating mono_depth_onnx.egg-info
[1.945s] writing mono_depth_onnx.egg-info/PKG-INFO
[1.948s] writing dependency_links to mono_depth_onnx.egg-info/dependency_links.txt
[1.948s] writing top-level names to mono_depth_onnx.egg-info/top_level.txt
[1.948s] writing manifest file 'mono_depth_onnx.egg-info/SOURCES.txt'
[1.950s] reading manifest file 'mono_depth_onnx.egg-info/SOURCES.txt'
[1.952s] writing manifest file 'mono_depth_onnx.egg-info/SOURCES.txt'
[2.030s] Built target ament_cmake_python_build_mono_depth_onnx_egg
[2.030s] Invoked command in '/home/ferradar/ros2_ws/build/mono_depth_onnx' returned '0': CMAKE_PREFIX_PATH=${CMAKE_PREFIX_PATH}:/opt/ros/humble /usr/bin/cmake --build /home/ferradar/ros2_ws/build/mono_depth_onnx -- -j6 -l6
[2.032s] Invoking command in '/home/ferradar/ros2_ws/build/mono_depth_onnx': CMAKE_PREFIX_PATH=${CMAKE_PREFIX_PATH}:/opt/ros/humble /usr/bin/cmake --install /home/ferradar/ros2_ws/build/mono_depth_onnx
[2.045s] -- Install configuration: ""
[2.045s] -- Installing: /home/ferradar/ros2_ws/install/mono_depth_onnx/share/mono_depth_onnx/environment/pythonpath.sh
[2.045s] -- Installing: /home/ferradar/ros2_ws/install/mono_depth_onnx/share/mono_depth_onnx/environment/pythonpath.dsv
[2.046s] -- Installing: /home/ferradar/ros2_ws/install/mono_depth_onnx/local/lib/python3.10/dist-packages/mono_depth_onnx-1.0.0-py3.10.egg-info
[2.046s] -- Installing: /home/ferradar/ros2_ws/install/mono_depth_onnx/local/lib/python3.10/dist-packages/mono_depth_onnx-1.0.0-py3.10.egg-info/top_level.txt
[2.046s] -- Installing: /home/ferradar/ros2_ws/install/mono_depth_onnx/local/lib/python3.10/dist-packages/mono_depth_onnx-1.0.0-py3.10.egg-info/SOURCES.txt
[2.047s] -- Installing: /home/ferradar/ros2_ws/install/mono_depth_onnx/local/lib/python3.10/dist-packages/mono_depth_onnx-1.0.0-py3.10.egg-info/PKG-INFO
[2.048s] -- Installing: /home/ferradar/ros2_ws/install/mono_depth_onnx/local/lib/python3.10/dist-packages/mono_depth_onnx-1.0.0-py3.10.egg-info/dependency_links.txt
[2.048s] -- Installing: /home/ferradar/ros2_ws/install/mono_depth_onnx/local/lib/python3.10/dist-packages/mono_depth_onnx
[2.048s] -- Installing: /home/ferradar/ros2_ws/install/mono_depth_onnx/local/lib/python3.10/dist-packages/mono_depth_onnx/depth_metric_node.py
[2.051s] -- Installing: /home/ferradar/ros2_ws/install/mono_depth_onnx/local/lib/python3.10/dist-packages/mono_depth_onnx/image_source_node.py
[2.051s] -- Installing: /home/ferradar/ros2_ws/install/mono_depth_onnx/local/lib/python3.10/dist-packages/mono_depth_onnx/__init__.py
[2.051s] -- Installing: /home/ferradar/ros2_ws/install/mono_depth_onnx/local/lib/python3.10/dist-packages/mono_depth_onnx/depth_visualizer_node.py
[2.051s] -- Installing: /home/ferradar/ros2_ws/install/mono_depth_onnx/local/lib/python3.10/dist-packages/mono_depth_onnx/autonomous_depth_safety_node.py
[2.051s] -- Installing: /home/ferradar/ros2_ws/install/mono_depth_onnx/local/lib/python3.10/dist-packages/mono_depth_onnx/depth_inference_node.py
[2.117s] Listing '/home/ferradar/ros2_ws/install/mono_depth_onnx/local/lib/python3.10/dist-packages/mono_depth_onnx'...
[2.117s] Compiling '/home/ferradar/ros2_ws/install/mono_depth_onnx/local/lib/python3.10/dist-packages/mono_depth_onnx/__init__.py'...
[2.117s] Compiling '/home/ferradar/ros2_ws/install/mono_depth_onnx/local/lib/python3.10/dist-packages/mono_depth_onnx/autonomous_depth_safety_node.py'...
[2.117s] Compiling '/home/ferradar/ros2_ws/install/mono_depth_onnx/local/lib/python3.10/dist-packages/mono_depth_onnx/depth_inference_node.py'...
[2.117s] Compiling '/home/ferradar/ros2_ws/install/mono_depth_onnx/local/lib/python3.10/dist-packages/mono_depth_onnx/depth_metric_node.py'...
[2.118s] Compiling '/home/ferradar/ros2_ws/install/mono_depth_onnx/local/lib/python3.10/dist-packages/mono_depth_onnx/depth_visualizer_node.py'...
[2.118s] Compiling '/home/ferradar/ros2_ws/install/mono_depth_onnx/local/lib/python3.10/dist-packages/mono_depth_onnx/image_source_node.py'...
[2.120s] -- Installing: /home/ferradar/ros2_ws/install/mono_depth_onnx/lib/mono_depth_onnx/image_source_node.py
[2.120s] -- Installing: /home/ferradar/ros2_ws/install/mono_depth_onnx/lib/mono_depth_onnx/depth_inference_node.py
[2.120s] -- Installing: /home/ferradar/ros2_ws/install/mono_depth_onnx/lib/mono_depth_onnx/depth_metric_node.py
[2.123s] -- Installing: /home/ferradar/ros2_ws/install/mono_depth_onnx/lib/mono_depth_onnx/depth_visualizer_node.py
[2.123s] -- Installing: /home/ferradar/ros2_ws/install/mono_depth_onnx/lib/mono_depth_onnx/autonomous_depth_safety_node.py
[2.124s] -- Installing: /home/ferradar/ros2_ws/install/mono_depth_onnx/share/mono_depth_onnx/launch
[2.124s] -- Installing: /home/ferradar/ros2_ws/install/mono_depth_onnx/share/mono_depth_onnx/launch/inference.launch.py
[2.124s] -- Installing: /home/ferradar/ros2_ws/install/mono_depth_onnx/share/mono_depth_onnx/launch/full_pipeline.launch.py
[2.124s] -- Installing: /home/ferradar/ros2_ws/install/mono_depth_onnx/share/mono_depth_onnx/launch/with_autonomy.launch.py
[2.124s] -- Installing: /home/ferradar/ros2_ws/install/mono_depth_onnx/share/mono_depth_onnx/config
[2.124s] -- Installing: /home/ferradar/ros2_ws/install/mono_depth_onnx/share/mono_depth_onnx/config/mono_depth_config.yaml
[2.124s] -- Installing: /home/ferradar/ros2_ws/install/mono_depth_onnx/share/mono_depth_onnx/config/test_config.yaml
[2.124s] -- Installing: /home/ferradar/ros2_ws/install/mono_depth_onnx/share/mono_depth_onnx/models
[2.124s] -- Installing: /home/ferradar/ros2_ws/install/mono_depth_onnx/share/mono_depth_onnx/data
[2.124s] -- Installing: /home/ferradar/ros2_ws/install/mono_depth_onnx/share/mono_depth_onnx/data/images
[2.124s] -- Installing: /home/ferradar/ros2_ws/install/mono_depth_onnx/share/mono_depth_onnx/data/images/test_image_005.jpg
[2.124s] -- Installing: /home/ferradar/ros2_ws/install/mono_depth_onnx/share/mono_depth_onnx/data/images/test_image_001.jpg
[2.124s] -- Installing: /home/ferradar/ros2_ws/install/mono_depth_onnx/share/mono_depth_onnx/data/images/test_image_003.jpg
[2.125s] -- Installing: /home/ferradar/ros2_ws/install/mono_depth_onnx/share/mono_depth_onnx/data/images/test_image_004.jpg
[2.125s] -- Installing: /home/ferradar/ros2_ws/install/mono_depth_onnx/share/mono_depth_onnx/data/images/test_image_002.jpg
[2.126s] -- Installing: /home/ferradar/ros2_ws/install/mono_depth_onnx/share/mono_depth_onnx/assets
[2.126s] -- Installing: /home/ferradar/ros2_ws/install/mono_depth_onnx/share/mono_depth_onnx/scripts
[2.126s] -- Installing: /home/ferradar/ros2_ws/install/mono_depth_onnx/share/mono_depth_onnx/scripts/download_midas_model.py
[2.127s] -- Installing: /home/ferradar/ros2_ws/install/mono_depth_onnx/share/mono_depth_onnx/scripts/generate_test_images.py
[2.127s] -- Installing: /home/ferradar/ros2_ws/install/mono_depth_onnx/share/ament_index/resource_index/package_run_dependencies/mono_depth_onnx
[2.129s] -- Installing: /home/ferradar/ros2_ws/install/mono_depth_onnx/share/ament_index/resource_index/parent_prefix_path/mono_depth_onnx
[2.129s] -- Installing: /home/ferradar/ros2_ws/install/mono_depth_onnx/share/mono_depth_onnx/environment/ament_prefix_path.sh
[2.129s] -- Installing: /home/ferradar/ros2_ws/install/mono_depth_onnx/share/mono_depth_onnx/environment/ament_prefix_path.dsv
[2.129s] -- Installing: /home/ferradar/ros2_ws/install/mono_depth_onnx/share/mono_depth_onnx/environment/path.sh
[2.129s] -- Installing: /home/ferradar/ros2_ws/install/mono_depth_onnx/share/mono_depth_onnx/environment/path.dsv
[2.129s] -- Installing: /home/ferradar/ros2_ws/install/mono_depth_onnx/share/mono_depth_onnx/local_setup.bash
[2.130s] -- Installing: /home/ferradar/ros2_ws/install/mono_depth_onnx/share/mono_depth_onnx/local_setup.sh
[2.130s] -- Installing: /home/ferradar/ros2_ws/install/mono_depth_onnx/share/mono_depth_onnx/local_setup.zsh
[2.131s] -- Installing: /home/ferradar/ros2_ws/install/mono_depth_onnx/share/mono_depth_onnx/local_setup.dsv
[2.133s] -- Installing: /home/ferradar/ros2_ws/install/mono_depth_onnx/share/mono_depth_onnx/package.dsv
[2.133s] -- Installing: /home/ferradar/ros2_ws/install/mono_depth_onnx/share/ament_index/resource_index/packages/mono_depth_onnx
[2.133s] -- Installing: /home/ferradar/ros2_ws/install/mono_depth_onnx/share/mono_depth_onnx/cmake/mono_depth_onnxConfig.cmake
[2.134s] -- Installing: /home/ferradar/ros2_ws/install/mono_depth_onnx/share/mono_depth_onnx/cmake/mono_depth_onnxConfig-version.cmake
[2.134s] -- Installing: /home/ferradar/ros2_ws/install/mono_depth_onnx/share/mono_depth_onnx/package.xml
[2.138s] Invoked command in '/home/ferradar/ros2_ws/build/mono_depth_onnx' returned '0': CMAKE_PREFIX_PATH=${CMAKE_PREFIX_PATH}:/opt/ros/humble /usr/bin/cmake --install /home/ferradar/ros2_ws/build/mono_depth_onnx
