[INFO] [launch]: All log files can be found below /home/ferradar/.ros/log/2026-02-12-17-37-18-433022-ferradar-VirtualBox-11082
[INFO] [launch]: Default logging verbosity is set to INFO
[INFO] [record_waypoints_node.py-1]: process started with pid [11084]
[INFO] [rviz2-2]: process started with pid [11086]
[rviz2-2] Warning: Ignoring XDG_SESSION_TYPE=wayland on Gnome. Use QT_QPA_PLATFORM=wayland to run on Wayland anyway.
[record_waypoints_node.py-1] [ERROR] [1770914238.678800797] [rcl]: Failed to parse global arguments
[record_waypoints_node.py-1] Traceback (most recent call last):
[record_waypoints_node.py-1]   File "/home/ferradar/ros2_ws/install/autonomous_patrol/lib/autonomous_patrol/record_waypoints_node.py", line 230, in <module>
[record_waypoints_node.py-1]     main()
[record_waypoints_node.py-1]   File "/home/ferradar/ros2_ws/install/autonomous_patrol/lib/autonomous_patrol/record_waypoints_node.py", line 217, in main
[record_waypoints_node.py-1]     rclpy.init(args=args)
[record_waypoints_node.py-1]   File "/opt/ros/humble/local/lib/python3.10/dist-packages/rclpy/__init__.py", line 88, in init
[record_waypoints_node.py-1]     context.init(args, domain_id=domain_id)
[record_waypoints_node.py-1]   File "/opt/ros/humble/local/lib/python3.10/dist-packages/rclpy/context.py", line 72, in init
[record_waypoints_node.py-1]     self.__context = _rclpy.Context(
[record_waypoints_node.py-1] rclpy._rclpy_pybind11.RCLError: failed to initialize rcl: Couldn't parse params file: '--params-file /home/ferradar/ros2_ws/install/autonomous_patrol/share/autonomous_patrol/config/autonomous_patrol_config.yaml'. Error: Cannot have a value before ros__parameters at line 3, at ./src/parse.c:787, at ./src/rcl/arguments.c:406
[ERROR] [record_waypoints_node.py-1]: process has died [pid 11084, exit code 1, cmd '/home/ferradar/ros2_ws/install/autonomous_patrol/lib/autonomous_patrol/record_waypoints_node.py --ros-args -r __node:=record_waypoints --params-file /home/ferradar/ros2_ws/install/autonomous_patrol/share/autonomous_patrol/config/autonomous_patrol_config.yaml'].
[rviz2-2] [INFO] [1770914238.928402859] [rviz2]: Stereo is NOT SUPPORTED
[rviz2-2] [INFO] [1770914238.929102839] [rviz2]: OpenGl version: 4.5 (GLSL 4.5)
[rviz2-2] [INFO] [1770914239.004348477] [rviz2]: Stereo is NOT SUPPORTED
