[0.028s] Invoking command in '/home/ferradar/ros2_ws/build/autonomous_patrol': CMAKE_PREFIX_PATH=${CMAKE_PREFIX_PATH}:/opt/ros/humble /usr/bin/cmake /home/ferradar/ros2_ws/src/nomeer_robot_ros2/src/autonomous_patrol -DCMAKE_INSTALL_PREFIX=/home/ferradar/ros2_ws/install/autonomous_patrol
[0.118s] -- The C compiler identification is GNU 11.4.0
[0.238s] -- The CXX compiler identification is GNU 11.4.0
[0.249s] -- Detecting C compiler ABI info
[0.394s] -- Detecting C compiler ABI info - done
[0.409s] -- Check for working C compiler: /usr/bin/cc - skipped
[0.410s] -- Detecting C compile features
[0.410s] -- Detecting C compile features - done
[0.417s] -- Detecting CXX compiler ABI info
[0.603s] -- Detecting CXX compiler ABI info - done
[0.617s] -- Check for working CXX compiler: /usr/bin/c++ - skipped
[0.618s] -- Detecting CXX compile features
[0.619s] -- Detecting CXX compile features - done
[0.623s] -- Found ament_cmake: 1.3.12 (/opt/ros/humble/share/ament_cmake/cmake)
[0.886s] -- Found Python3: /usr/bin/python3 (found version "3.10.12") found components: Interpreter 
[1.011s] -- Found rclpy: 3.3.19 (/opt/ros/humble/share/rclpy/cmake)
[1.231s] -- Configuring done
[1.243s] -- Generating done
[1.253s] -- Build files have been written to: /home/ferradar/ros2_ws/build/autonomous_patrol
[1.264s] Invoked command in '/home/ferradar/ros2_ws/build/autonomous_patrol' returned '0': CMAKE_PREFIX_PATH=${CMAKE_PREFIX_PATH}:/opt/ros/humble /usr/bin/cmake /home/ferradar/ros2_ws/src/nomeer_robot_ros2/src/autonomous_patrol -DCMAKE_INSTALL_PREFIX=/home/ferradar/ros2_ws/install/autonomous_patrol
[1.270s] Invoking command in '/home/ferradar/ros2_ws/build/autonomous_patrol': CMAKE_PREFIX_PATH=${CMAKE_PREFIX_PATH}:/opt/ros/humble /usr/bin/cmake --build /home/ferradar/ros2_ws/build/autonomous_patrol -- -j6 -l6
[1.382s] Built target ament_cmake_python_copy_autonomous_patrol
[1.808s] running egg_info
[1.808s] creating autonomous_patrol.egg-info
[1.808s] writing autonomous_patrol.egg-info/PKG-INFO
[1.809s] writing dependency_links to autonomous_patrol.egg-info/dependency_links.txt
[1.809s] writing top-level names to autonomous_patrol.egg-info/top_level.txt
[1.809s] writing manifest file 'autonomous_patrol.egg-info/SOURCES.txt'
[1.813s] reading manifest file 'autonomous_patrol.egg-info/SOURCES.txt'
[1.815s] writing manifest file 'autonomous_patrol.egg-info/SOURCES.txt'
[1.858s] Built target ament_cmake_python_build_autonomous_patrol_egg
[1.870s] Invoked command in '/home/ferradar/ros2_ws/build/autonomous_patrol' returned '0': CMAKE_PREFIX_PATH=${CMAKE_PREFIX_PATH}:/opt/ros/humble /usr/bin/cmake --build /home/ferradar/ros2_ws/build/autonomous_patrol -- -j6 -l6
[1.886s] Invoking command in '/home/ferradar/ros2_ws/build/autonomous_patrol': CMAKE_PREFIX_PATH=${CMAKE_PREFIX_PATH}:/opt/ros/humble /usr/bin/cmake --install /home/ferradar/ros2_ws/build/autonomous_patrol
[1.894s] -- Install configuration: ""
[1.895s] -- Installing: /home/ferradar/ros2_ws/install/autonomous_patrol/share/autonomous_patrol/environment/pythonpath.sh
[1.895s] -- Installing: /home/ferradar/ros2_ws/install/autonomous_patrol/share/autonomous_patrol/environment/pythonpath.dsv
[1.896s] -- Installing: /home/ferradar/ros2_ws/install/autonomous_patrol/local/lib/python3.10/dist-packages/autonomous_patrol-0.0.1-py3.10.egg-info
[1.899s] -- Installing: /home/ferradar/ros2_ws/install/autonomous_patrol/local/lib/python3.10/dist-packages/autonomous_patrol-0.0.1-py3.10.egg-info/top_level.txt
[1.899s] -- Installing: /home/ferradar/ros2_ws/install/autonomous_patrol/local/lib/python3.10/dist-packages/autonomous_patrol-0.0.1-py3.10.egg-info/SOURCES.txt
[1.899s] -- Installing: /home/ferradar/ros2_ws/install/autonomous_patrol/local/lib/python3.10/dist-packages/autonomous_patrol-0.0.1-py3.10.egg-info/PKG-INFO
[1.899s] -- Installing: /home/ferradar/ros2_ws/install/autonomous_patrol/local/lib/python3.10/dist-packages/autonomous_patrol-0.0.1-py3.10.egg-info/dependency_links.txt
[1.899s] -- Installing: /home/ferradar/ros2_ws/install/autonomous_patrol/local/lib/python3.10/dist-packages/autonomous_patrol
[1.899s] -- Installing: /home/ferradar/ros2_ws/install/autonomous_patrol/local/lib/python3.10/dist-packages/autonomous_patrol/record_waypoints_node.py
[1.900s] -- Installing: /home/ferradar/ros2_ws/install/autonomous_patrol/local/lib/python3.10/dist-packages/autonomous_patrol/follow_waypoints_node.py
[1.900s] -- Installing: /home/ferradar/ros2_ws/install/autonomous_patrol/local/lib/python3.10/dist-packages/autonomous_patrol/__init__.py
[1.900s] -- Installing: /home/ferradar/ros2_ws/install/autonomous_patrol/local/lib/python3.10/dist-packages/autonomous_patrol/visualizer_node.py
[1.982s] Listing '/home/ferradar/ros2_ws/install/autonomous_patrol/local/lib/python3.10/dist-packages/autonomous_patrol'...
[1.982s] Compiling '/home/ferradar/ros2_ws/install/autonomous_patrol/local/lib/python3.10/dist-packages/autonomous_patrol/__init__.py'...
[1.982s] Compiling '/home/ferradar/ros2_ws/install/autonomous_patrol/local/lib/python3.10/dist-packages/autonomous_patrol/follow_waypoints_node.py'...
[1.982s] Compiling '/home/ferradar/ros2_ws/install/autonomous_patrol/local/lib/python3.10/dist-packages/autonomous_patrol/record_waypoints_node.py'...
[1.982s] Compiling '/home/ferradar/ros2_ws/install/autonomous_patrol/local/lib/python3.10/dist-packages/autonomous_patrol/visualizer_node.py'...
[1.987s] -- Installing: /home/ferradar/ros2_ws/install/autonomous_patrol/lib/autonomous_patrol/record_waypoints_node.py
[1.987s] -- Installing: /home/ferradar/ros2_ws/install/autonomous_patrol/lib/autonomous_patrol/follow_waypoints_node.py
[1.988s] -- Installing: /home/ferradar/ros2_ws/install/autonomous_patrol/lib/autonomous_patrol/visualizer_node.py
[1.988s] -- Installing: /home/ferradar/ros2_ws/install/autonomous_patrol/share/autonomous_patrol/launch
[1.990s] -- Installing: /home/ferradar/ros2_ws/install/autonomous_patrol/share/autonomous_patrol/launch/follow_waypoints.launch.py
[1.990s] -- Installing: /home/ferradar/ros2_ws/install/autonomous_patrol/share/autonomous_patrol/launch/record_waypoints.launch.py
[1.990s] -- Installing: /home/ferradar/ros2_ws/install/autonomous_patrol/share/autonomous_patrol/launch/visualize_waypoints.launch.py
[1.990s] -- Installing: /home/ferradar/ros2_ws/install/autonomous_patrol/share/autonomous_patrol/config
[1.990s] -- Installing: /home/ferradar/ros2_ws/install/autonomous_patrol/share/autonomous_patrol/config/autonomous_patrol_config.yaml
[1.990s] -- Installing: /home/ferradar/ros2_ws/install/autonomous_patrol/share/autonomous_patrol/config/test_config.yaml
[1.990s] -- Installing: /home/ferradar/ros2_ws/install/autonomous_patrol/share/ament_index/resource_index/package_run_dependencies/autonomous_patrol
[1.991s] -- Installing: /home/ferradar/ros2_ws/install/autonomous_patrol/share/ament_index/resource_index/parent_prefix_path/autonomous_patrol
[1.991s] -- Installing: /home/ferradar/ros2_ws/install/autonomous_patrol/share/autonomous_patrol/environment/ament_prefix_path.sh
[1.991s] -- Installing: /home/ferradar/ros2_ws/install/autonomous_patrol/share/autonomous_patrol/environment/ament_prefix_path.dsv
[1.991s] -- Installing: /home/ferradar/ros2_ws/install/autonomous_patrol/share/autonomous_patrol/environment/path.sh
[1.991s] -- Installing: /home/ferradar/ros2_ws/install/autonomous_patrol/share/autonomous_patrol/environment/path.dsv
[1.991s] -- Installing: /home/ferradar/ros2_ws/install/autonomous_patrol/share/autonomous_patrol/local_setup.bash
[1.991s] -- Installing: /home/ferradar/ros2_ws/install/autonomous_patrol/share/autonomous_patrol/local_setup.sh
[1.991s] -- Installing: /home/ferradar/ros2_ws/install/autonomous_patrol/share/autonomous_patrol/local_setup.zsh
[1.992s] -- Installing: /home/ferradar/ros2_ws/install/autonomous_patrol/share/autonomous_patrol/local_setup.dsv
[1.992s] -- Installing: /home/ferradar/ros2_ws/install/autonomous_patrol/share/autonomous_patrol/package.dsv
[1.992s] -- Installing: /home/ferradar/ros2_ws/install/autonomous_patrol/share/ament_index/resource_index/packages/autonomous_patrol
[1.993s] -- Installing: /home/ferradar/ros2_ws/install/autonomous_patrol/share/autonomous_patrol/cmake/autonomous_patrolConfig.cmake
[1.993s] -- Installing: /home/ferradar/ros2_ws/install/autonomous_patrol/share/autonomous_patrol/cmake/autonomous_patrolConfig-version.cmake
[1.994s] -- Installing: /home/ferradar/ros2_ws/install/autonomous_patrol/share/autonomous_patrol/package.xml
[1.995s] Invoked command in '/home/ferradar/ros2_ws/build/autonomous_patrol' returned '0': CMAKE_PREFIX_PATH=${CMAKE_PREFIX_PATH}:/opt/ros/humble /usr/bin/cmake --install /home/ferradar/ros2_ws/build/autonomous_patrol
