[0.167s] colcon DEBUG Command line arguments: ['/usr/bin/colcon', 'build']
[0.167s] colcon DEBUG Parsed command line arguments: Namespace(log_base=None, log_level=None, verb_name='build', build_base='build', install_base='install', merge_install=False, symlink_install=False, test_result_base=None, continue_on_error=False, executor='parallel', parallel_workers=6, event_handlers=None, ignore_user_meta=False, metas=['./colcon.meta'], base_paths=['.'], packages_ignore=None, packages_ignore_regex=None, paths=None, packages_up_to=None, packages_up_to_regex=None, packages_above=None, packages_above_and_dependencies=None, packages_above_depth=None, packages_select_by_dep=None, packages_skip_by_dep=None, packages_skip_up_to=None, packages_select_build_failed=False, packages_skip_build_finished=False, packages_select_test_failures=False, packages_skip_test_passed=False, packages_select=None, packages_skip=None, packages_select_regex=None, packages_skip_regex=None, packages_start=None, packages_end=None, allow_overriding=[], cmake_args=None, cmake_target=None, cmake_target_skip_unavailable=False, cmake_clean_cache=False, cmake_clean_first=False, cmake_force_configure=False, ament_cmake_args=None, catkin_cmake_args=None, catkin_skip_building_tests=False, verb_parser=<colcon_defaults.argument_parser.defaults.DefaultArgumentsDecorator object at 0x7bd52e1d2590>, verb_extension=<colcon_core.verb.build.BuildVerb object at 0x7bd52e1d2080>, main=<bound method BuildVerb.main of <colcon_core.verb.build.BuildVerb object at 0x7bd52e1d2080>>)
[0.442s] colcon.colcon_core.package_discovery Level 1 discover_packages(colcon_meta) check parameters
[0.443s] colcon.colcon_core.package_discovery Level 1 discover_packages(recursive) check parameters
[0.443s] colcon.colcon_core.package_discovery Level 1 discover_packages(ignore) check parameters
[0.443s] colcon.colcon_core.package_discovery Level 1 discover_packages(path) check parameters
[0.443s] colcon.colcon_core.package_discovery Level 1 discover_packages(colcon_meta) discover
[0.443s] colcon.colcon_core.package_discovery Level 1 discover_packages(recursive) discover
[0.443s] colcon.colcon_core.package_discovery INFO Crawling recursively for packages in '/home/ferradar/ros2_ws'
[0.444s] colcon.colcon_core.package_identification Level 1 _identify(.) by extensions ['ignore', 'ignore_ament_install']
[0.444s] colcon.colcon_core.package_identification Level 1 _identify(.) by extension 'ignore'
[0.444s] colcon.colcon_core.package_identification Level 1 _identify(.) by extension 'ignore_ament_install'
[0.444s] colcon.colcon_core.package_identification Level 1 _identify(.) by extensions ['colcon_pkg']
[0.444s] colcon.colcon_core.package_identification Level 1 _identify(.) by extension 'colcon_pkg'
[0.444s] colcon.colcon_core.package_identification Level 1 _identify(.) by extensions ['colcon_meta']
[0.444s] colcon.colcon_core.package_identification Level 1 _identify(.) by extension 'colcon_meta'
[0.444s] colcon.colcon_core.package_identification Level 1 _identify(.) by extensions ['ros']
[0.444s] colcon.colcon_core.package_identification Level 1 _identify(.) by extension 'ros'
[0.461s] colcon.colcon_core.package_identification Level 1 _identify(.) by extensions ['cmake', 'python']
[0.462s] colcon.colcon_core.package_identification Level 1 _identify(.) by extension 'cmake'
[0.462s] colcon.colcon_core.package_identification Level 1 _identify(.) by extension 'python'
[0.462s] colcon.colcon_core.package_identification Level 1 _identify(.) by extensions ['python_setup_py']
[0.462s] colcon.colcon_core.package_identification Level 1 _identify(.) by extension 'python_setup_py'
[0.463s] colcon.colcon_core.package_identification Level 1 _identify(build) by extensions ['ignore', 'ignore_ament_install']
[0.463s] colcon.colcon_core.package_identification Level 1 _identify(build) by extension 'ignore'
[0.463s] colcon.colcon_core.package_identification Level 1 _identify(build) ignored
[0.463s] colcon.colcon_core.package_identification Level 1 _identify(data) by extensions ['ignore', 'ignore_ament_install']
[0.463s] colcon.colcon_core.package_identification Level 1 _identify(data) by extension 'ignore'
[0.463s] colcon.colcon_core.package_identification Level 1 _identify(data) by extension 'ignore_ament_install'
[0.463s] colcon.colcon_core.package_identification Level 1 _identify(data) by extensions ['colcon_pkg']
[0.463s] colcon.colcon_core.package_identification Level 1 _identify(data) by extension 'colcon_pkg'
[0.463s] colcon.colcon_core.package_identification Level 1 _identify(data) by extensions ['colcon_meta']
[0.464s] colcon.colcon_core.package_identification Level 1 _identify(data) by extension 'colcon_meta'
[0.464s] colcon.colcon_core.package_identification Level 1 _identify(data) by extensions ['ros']
[0.464s] colcon.colcon_core.package_identification Level 1 _identify(data) by extension 'ros'
[0.464s] colcon.colcon_core.package_identification Level 1 _identify(data) by extensions ['cmake', 'python']
[0.464s] colcon.colcon_core.package_identification Level 1 _identify(data) by extension 'cmake'
[0.464s] colcon.colcon_core.package_identification Level 1 _identify(data) by extension 'python'
[0.464s] colcon.colcon_core.package_identification Level 1 _identify(data) by extensions ['python_setup_py']
[0.464s] colcon.colcon_core.package_identification Level 1 _identify(data) by extension 'python_setup_py'
[0.464s] colcon.colcon_core.package_identification Level 1 _identify(install) by extensions ['ignore', 'ignore_ament_install']
[0.464s] colcon.colcon_core.package_identification Level 1 _identify(install) by extension 'ignore'
[0.464s] colcon.colcon_core.package_identification Level 1 _identify(install) ignored
[0.464s] colcon.colcon_core.package_identification Level 1 _identify(log) by extensions ['ignore', 'ignore_ament_install']
[0.464s] colcon.colcon_core.package_identification Level 1 _identify(log) by extension 'ignore'
[0.464s] colcon.colcon_core.package_identification Level 1 _identify(log) ignored
[0.464s] colcon.colcon_core.package_identification Level 1 _identify(results) by extensions ['ignore', 'ignore_ament_install']
[0.465s] colcon.colcon_core.package_identification Level 1 _identify(results) by extension 'ignore'
[0.465s] colcon.colcon_core.package_identification Level 1 _identify(results) by extension 'ignore_ament_install'
[0.465s] colcon.colcon_core.package_identification Level 1 _identify(results) by extensions ['colcon_pkg']
[0.465s] colcon.colcon_core.package_identification Level 1 _identify(results) by extension 'colcon_pkg'
[0.465s] colcon.colcon_core.package_identification Level 1 _identify(results) by extensions ['colcon_meta']
[0.465s] colcon.colcon_core.package_identification Level 1 _identify(results) by extension 'colcon_meta'
[0.465s] colcon.colcon_core.package_identification Level 1 _identify(results) by extensions ['ros']
[0.465s] colcon.colcon_core.package_identification Level 1 _identify(results) by extension 'ros'
[0.465s] colcon.colcon_core.package_identification Level 1 _identify(results) by extensions ['cmake', 'python']
[0.465s] colcon.colcon_core.package_identification Level 1 _identify(results) by extension 'cmake'
[0.465s] colcon.colcon_core.package_identification Level 1 _identify(results) by extension 'python'
[0.465s] colcon.colcon_core.package_identification Level 1 _identify(results) by extensions ['python_setup_py']
[0.465s] colcon.colcon_core.package_identification Level 1 _identify(results) by extension 'python_setup_py'
[0.465s] colcon.colcon_core.package_identification Level 1 _identify(src) by extensions ['ignore', 'ignore_ament_install']
[0.465s] colcon.colcon_core.package_identification Level 1 _identify(src) by extension 'ignore'
[0.468s] colcon.colcon_core.package_identification Level 1 _identify(src) by extension 'ignore_ament_install'
[0.468s] colcon.colcon_core.package_identification Level 1 _identify(src) by extensions ['colcon_pkg']
[0.468s] colcon.colcon_core.package_identification Level 1 _identify(src) by extension 'colcon_pkg'
[0.468s] colcon.colcon_core.package_identification Level 1 _identify(src) by extensions ['colcon_meta']
[0.468s] colcon.colcon_core.package_identification Level 1 _identify(src) by extension 'colcon_meta'
[0.468s] colcon.colcon_core.package_identification Level 1 _identify(src) by extensions ['ros']
[0.468s] colcon.colcon_core.package_identification Level 1 _identify(src) by extension 'ros'
[0.468s] colcon.colcon_core.package_identification Level 1 _identify(src) by extensions ['cmake', 'python']
[0.468s] colcon.colcon_core.package_identification Level 1 _identify(src) by extension 'cmake'
[0.469s] colcon.colcon_core.package_identification Level 1 _identify(src) by extension 'python'
[0.469s] colcon.colcon_core.package_identification Level 1 _identify(src) by extensions ['python_setup_py']
[0.469s] colcon.colcon_core.package_identification Level 1 _identify(src) by extension 'python_setup_py'
[0.469s] colcon.colcon_core.package_identification Level 1 _identify(src/nomeer_robot_ros2) by extensions ['ignore', 'ignore_ament_install']
[0.469s] colcon.colcon_core.package_identification Level 1 _identify(src/nomeer_robot_ros2) by extension 'ignore'
[0.469s] colcon.colcon_core.package_identification Level 1 _identify(src/nomeer_robot_ros2) by extension 'ignore_ament_install'
[0.469s] colcon.colcon_core.package_identification Level 1 _identify(src/nomeer_robot_ros2) by extensions ['colcon_pkg']
[0.469s] colcon.colcon_core.package_identification Level 1 _identify(src/nomeer_robot_ros2) by extension 'colcon_pkg'
[0.469s] colcon.colcon_core.package_identification Level 1 _identify(src/nomeer_robot_ros2) by extensions ['colcon_meta']
[0.469s] colcon.colcon_core.package_identification Level 1 _identify(src/nomeer_robot_ros2) by extension 'colcon_meta'
[0.469s] colcon.colcon_core.package_identification Level 1 _identify(src/nomeer_robot_ros2) by extensions ['ros']
[0.469s] colcon.colcon_core.package_identification Level 1 _identify(src/nomeer_robot_ros2) by extension 'ros'
[0.469s] colcon.colcon_core.package_identification Level 1 _identify(src/nomeer_robot_ros2) by extensions ['cmake', 'python']
[0.469s] colcon.colcon_core.package_identification Level 1 _identify(src/nomeer_robot_ros2) by extension 'cmake'
[0.469s] colcon.colcon_core.package_identification Level 1 _identify(src/nomeer_robot_ros2) by extension 'python'
[0.469s] colcon.colcon_core.package_identification Level 1 _identify(src/nomeer_robot_ros2) by extensions ['python_setup_py']
[0.469s] colcon.colcon_core.package_identification Level 1 _identify(src/nomeer_robot_ros2) by extension 'python_setup_py'
[0.470s] colcon.colcon_core.package_identification Level 1 _identify(src/nomeer_robot_ros2/Docs) by extensions ['ignore', 'ignore_ament_install']
[0.470s] colcon.colcon_core.package_identification Level 1 _identify(src/nomeer_robot_ros2/Docs) by extension 'ignore'
[0.470s] colcon.colcon_core.package_identification Level 1 _identify(src/nomeer_robot_ros2/Docs) by extension 'ignore_ament_install'
[0.470s] colcon.colcon_core.package_identification Level 1 _identify(src/nomeer_robot_ros2/Docs) by extensions ['colcon_pkg']
[0.470s] colcon.colcon_core.package_identification Level 1 _identify(src/nomeer_robot_ros2/Docs) by extension 'colcon_pkg'
[0.470s] colcon.colcon_core.package_identification Level 1 _identify(src/nomeer_robot_ros2/Docs) by extensions ['colcon_meta']
[0.470s] colcon.colcon_core.package_identification Level 1 _identify(src/nomeer_robot_ros2/Docs) by extension 'colcon_meta'
[0.470s] colcon.colcon_core.package_identification Level 1 _identify(src/nomeer_robot_ros2/Docs) by extensions ['ros']
[0.470s] colcon.colcon_core.package_identification Level 1 _identify(src/nomeer_robot_ros2/Docs) by extension 'ros'
[0.470s] colcon.colcon_core.package_identification Level 1 _identify(src/nomeer_robot_ros2/Docs) by extensions ['cmake', 'python']
[0.470s] colcon.colcon_core.package_identification Level 1 _identify(src/nomeer_robot_ros2/Docs) by extension 'cmake'
[0.470s] colcon.colcon_core.package_identification Level 1 _identify(src/nomeer_robot_ros2/Docs) by extension 'python'
[0.470s] colcon.colcon_core.package_identification Level 1 _identify(src/nomeer_robot_ros2/Docs) by extensions ['python_setup_py']
[0.470s] colcon.colcon_core.package_identification Level 1 _identify(src/nomeer_robot_ros2/Docs) by extension 'python_setup_py'
[0.470s] colcon.colcon_core.package_identification Level 1 _identify(src/nomeer_robot_ros2/src) by extensions ['ignore', 'ignore_ament_install']
[0.471s] colcon.colcon_core.package_identification Level 1 _identify(src/nomeer_robot_ros2/src) by extension 'ignore'
[0.471s] colcon.colcon_core.package_identification Level 1 _identify(src/nomeer_robot_ros2/src) by extension 'ignore_ament_install'
[0.471s] colcon.colcon_core.package_identification Level 1 _identify(src/nomeer_robot_ros2/src) by extensions ['colcon_pkg']
[0.471s] colcon.colcon_core.package_identification Level 1 _identify(src/nomeer_robot_ros2/src) by extension 'colcon_pkg'
[0.471s] colcon.colcon_core.package_identification Level 1 _identify(src/nomeer_robot_ros2/src) by extensions ['colcon_meta']
[0.471s] colcon.colcon_core.package_identification Level 1 _identify(src/nomeer_robot_ros2/src) by extension 'colcon_meta'
[0.471s] colcon.colcon_core.package_identification Level 1 _identify(src/nomeer_robot_ros2/src) by extensions ['ros']
[0.471s] colcon.colcon_core.package_identification Level 1 _identify(src/nomeer_robot_ros2/src) by extension 'ros'
[0.471s] colcon.colcon_core.package_identification Level 1 _identify(src/nomeer_robot_ros2/src) by extensions ['cmake', 'python']
[0.471s] colcon.colcon_core.package_identification Level 1 _identify(src/nomeer_robot_ros2/src) by extension 'cmake'
[0.471s] colcon.colcon_core.package_identification Level 1 _identify(src/nomeer_robot_ros2/src) by extension 'python'
[0.471s] colcon.colcon_core.package_identification Level 1 _identify(src/nomeer_robot_ros2/src) by extensions ['python_setup_py']
[0.471s] colcon.colcon_core.package_identification Level 1 _identify(src/nomeer_robot_ros2/src) by extension 'python_setup_py'
[0.471s] colcon.colcon_core.package_identification Level 1 _identify(src/nomeer_robot_ros2/src/autonomous_patrol) by extensions ['ignore', 'ignore_ament_install']
[0.472s] colcon.colcon_core.package_identification Level 1 _identify(src/nomeer_robot_ros2/src/autonomous_patrol) by extension 'ignore'
[0.472s] colcon.colcon_core.package_identification Level 1 _identify(src/nomeer_robot_ros2/src/autonomous_patrol) by extension 'ignore_ament_install'
[0.472s] colcon.colcon_core.package_identification Level 1 _identify(src/nomeer_robot_ros2/src/autonomous_patrol) by extensions ['colcon_pkg']
[0.472s] colcon.colcon_core.package_identification Level 1 _identify(src/nomeer_robot_ros2/src/autonomous_patrol) by extension 'colcon_pkg'
[0.472s] colcon.colcon_core.package_identification Level 1 _identify(src/nomeer_robot_ros2/src/autonomous_patrol) by extensions ['colcon_meta']
[0.472s] colcon.colcon_core.package_identification Level 1 _identify(src/nomeer_robot_ros2/src/autonomous_patrol) by extension 'colcon_meta'
[0.472s] colcon.colcon_core.package_identification Level 1 _identify(src/nomeer_robot_ros2/src/autonomous_patrol) by extensions ['ros']
[0.472s] colcon.colcon_core.package_identification Level 1 _identify(src/nomeer_robot_ros2/src/autonomous_patrol) by extension 'ros'
[0.476s] colcon.colcon_core.package_identification DEBUG Package 'src/nomeer_robot_ros2/src/autonomous_patrol' with type 'ros.ament_cmake' and name 'autonomous_patrol'
[0.476s] colcon.colcon_core.package_identification Level 1 _identify(src/nomeer_robot_ros2/src/mono_depth_onnx) by extensions ['ignore', 'ignore_ament_install']
[0.476s] colcon.colcon_core.package_identification Level 1 _identify(src/nomeer_robot_ros2/src/mono_depth_onnx) by extension 'ignore'
[0.477s] colcon.colcon_core.package_identification Level 1 _identify(src/nomeer_robot_ros2/src/mono_depth_onnx) by extension 'ignore_ament_install'
[0.477s] colcon.colcon_core.package_identification Level 1 _identify(src/nomeer_robot_ros2/src/mono_depth_onnx) by extensions ['colcon_pkg']
[0.477s] colcon.colcon_core.package_identification Level 1 _identify(src/nomeer_robot_ros2/src/mono_depth_onnx) by extension 'colcon_pkg'
[0.477s] colcon.colcon_core.package_identification Level 1 _identify(src/nomeer_robot_ros2/src/mono_depth_onnx) by extensions ['colcon_meta']
[0.477s] colcon.colcon_core.package_identification Level 1 _identify(src/nomeer_robot_ros2/src/mono_depth_onnx) by extension 'colcon_meta'
[0.477s] colcon.colcon_core.package_identification Level 1 _identify(src/nomeer_robot_ros2/src/mono_depth_onnx) by extensions ['ros']
[0.477s] colcon.colcon_core.package_identification Level 1 _identify(src/nomeer_robot_ros2/src/mono_depth_onnx) by extension 'ros'
[0.479s] colcon.colcon_core.package_identification DEBUG Package 'src/nomeer_robot_ros2/src/mono_depth_onnx' with type 'ros.ament_cmake' and name 'mono_depth_onnx'
[0.479s] colcon.colcon_core.package_identification Level 1 _identify(src/nomeer_robot_ros2/src/robot_description) by extensions ['ignore', 'ignore_ament_install']
[0.479s] colcon.colcon_core.package_identification Level 1 _identify(src/nomeer_robot_ros2/src/robot_description) by extension 'ignore'
[0.479s] colcon.colcon_core.package_identification Level 1 _identify(src/nomeer_robot_ros2/src/robot_description) by extension 'ignore_ament_install'
[0.480s] colcon.colcon_core.package_identification Level 1 _identify(src/nomeer_robot_ros2/src/robot_description) by extensions ['colcon_pkg']
[0.480s] colcon.colcon_core.package_identification Level 1 _identify(src/nomeer_robot_ros2/src/robot_description) by extension 'colcon_pkg'
[0.480s] colcon.colcon_core.package_identification Level 1 _identify(src/nomeer_robot_ros2/src/robot_description) by extensions ['colcon_meta']
[0.480s] colcon.colcon_core.package_identification Level 1 _identify(src/nomeer_robot_ros2/src/robot_description) by extension 'colcon_meta'
[0.480s] colcon.colcon_core.package_identification Level 1 _identify(src/nomeer_robot_ros2/src/robot_description) by extensions ['ros']
[0.480s] colcon.colcon_core.package_identification Level 1 _identify(src/nomeer_robot_ros2/src/robot_description) by extension 'ros'
[0.481s] colcon.colcon_core.package_identification DEBUG Package 'src/nomeer_robot_ros2/src/robot_description' with type 'ros.ament_cmake' and name 'robot_description'
[0.481s] colcon.colcon_core.package_identification Level 1 _identify(src/nomeer_robot_ros2/src/teleop_twist_keyboard) by extensions ['ignore', 'ignore_ament_install']
[0.481s] colcon.colcon_core.package_identification Level 1 _identify(src/nomeer_robot_ros2/src/teleop_twist_keyboard) by extension 'ignore'
[0.481s] colcon.colcon_core.package_identification Level 1 _identify(src/nomeer_robot_ros2/src/teleop_twist_keyboard) by extension 'ignore_ament_install'
[0.481s] colcon.colcon_core.package_identification Level 1 _identify(src/nomeer_robot_ros2/src/teleop_twist_keyboard) by extensions ['colcon_pkg']
[0.481s] colcon.colcon_core.package_identification Level 1 _identify(src/nomeer_robot_ros2/src/teleop_twist_keyboard) by extension 'colcon_pkg'
[0.481s] colcon.colcon_core.package_identification Level 1 _identify(src/nomeer_robot_ros2/src/teleop_twist_keyboard) by extensions ['colcon_meta']
[0.481s] colcon.colcon_core.package_identification Level 1 _identify(src/nomeer_robot_ros2/src/teleop_twist_keyboard) by extension 'colcon_meta'
[0.482s] colcon.colcon_core.package_identification Level 1 _identify(src/nomeer_robot_ros2/src/teleop_twist_keyboard) by extensions ['ros']
[0.482s] colcon.colcon_core.package_identification Level 1 _identify(src/nomeer_robot_ros2/src/teleop_twist_keyboard) by extension 'ros'
[0.482s] colcon.colcon_core.package_identification Level 1 _identify(src/nomeer_robot_ros2/src/teleop_twist_keyboard) by extensions ['cmake', 'python']
[0.482s] colcon.colcon_core.package_identification Level 1 _identify(src/nomeer_robot_ros2/src/teleop_twist_keyboard) by extension 'cmake'
[0.482s] colcon.colcon_core.package_identification Level 1 _identify(src/nomeer_robot_ros2/src/teleop_twist_keyboard) by extension 'python'
[0.482s] colcon.colcon_core.package_identification Level 1 _identify(src/nomeer_robot_ros2/src/teleop_twist_keyboard) by extensions ['python_setup_py']
[0.482s] colcon.colcon_core.package_identification Level 1 _identify(src/nomeer_robot_ros2/src/teleop_twist_keyboard) by extension 'python_setup_py'
[0.482s] colcon.colcon_core.package_discovery Level 1 discover_packages(recursive) using defaults
[0.482s] colcon.colcon_core.package_discovery Level 1 discover_packages(ignore) discover
[0.483s] colcon.colcon_core.package_discovery Level 1 discover_packages(ignore) using defaults
[0.483s] colcon.colcon_core.package_discovery Level 1 discover_packages(path) discover
[0.483s] colcon.colcon_core.package_discovery Level 1 discover_packages(path) using defaults
[0.517s] colcon.colcon_core.package_discovery Level 1 discover_packages(prefix_path) check parameters
[0.517s] colcon.colcon_core.package_discovery Level 1 discover_packages(prefix_path) discover
[0.518s] colcon.colcon_ros.prefix_path.ament WARNING The path '/home/ferradar/ros2_ws/install/mono_depth_onnx' in the environment variable AMENT_PREFIX_PATH doesn't exist
[0.518s] colcon.colcon_ros.prefix_path.ament WARNING The path '/home/ferradar/ros2_ws/install/autonomous_patrol' in the environment variable AMENT_PREFIX_PATH doesn't exist
[0.518s] colcon.colcon_ros.prefix_path.ament WARNING The path '/home/ferradar/ros2_ws/install/robot_description' in the environment variable AMENT_PREFIX_PATH doesn't exist
[0.518s] colcon.colcon_ros.prefix_path.catkin WARNING The path '/home/ferradar/ros2_ws/install/mono_depth_onnx' in the environment variable CMAKE_PREFIX_PATH doesn't exist
[0.518s] colcon.colcon_ros.prefix_path.catkin WARNING The path '/home/ferradar/ros2_ws/install/autonomous_patrol' in the environment variable CMAKE_PREFIX_PATH doesn't exist
[0.519s] colcon.colcon_ros.prefix_path.catkin WARNING The path '/home/ferradar/ros2_ws/install/robot_description' in the environment variable CMAKE_PREFIX_PATH doesn't exist
[0.519s] colcon.colcon_installed_package_information.package_discovery DEBUG Found 0 installed packages in /home/ferradar/ros2_ws/install
[0.522s] colcon.colcon_installed_package_information.package_discovery DEBUG Found 289 installed packages in /opt/ros/humble
[0.525s] colcon.colcon_core.package_discovery Level 1 discover_packages(prefix_path) using defaults
[0.585s] colcon.colcon_core.verb Level 5 set package 'autonomous_patrol' build argument 'cmake_args' from command line to 'None'
[0.585s] colcon.colcon_core.verb Level 5 set package 'autonomous_patrol' build argument 'cmake_target' from command line to 'None'
[0.585s] colcon.colcon_core.verb Level 5 set package 'autonomous_patrol' build argument 'cmake_target_skip_unavailable' from command line to 'False'
[0.585s] colcon.colcon_core.verb Level 5 set package 'autonomous_patrol' build argument 'cmake_clean_cache' from command line to 'False'
[0.585s] colcon.colcon_core.verb Level 5 set package 'autonomous_patrol' build argument 'cmake_clean_first' from command line to 'False'
[0.585s] colcon.colcon_core.verb Level 5 set package 'autonomous_patrol' build argument 'cmake_force_configure' from command line to 'False'
[0.585s] colcon.colcon_core.verb Level 5 set package 'autonomous_patrol' build argument 'ament_cmake_args' from command line to 'None'
[0.585s] colcon.colcon_core.verb Level 5 set package 'autonomous_patrol' build argument 'catkin_cmake_args' from command line to 'None'
[0.585s] colcon.colcon_core.verb Level 5 set package 'autonomous_patrol' build argument 'catkin_skip_building_tests' from command line to 'False'
[0.585s] colcon.colcon_core.verb DEBUG Building package 'autonomous_patrol' with the following arguments: {'ament_cmake_args': None, 'build_base': '/home/ferradar/ros2_ws/build/autonomous_patrol', 'catkin_cmake_args': None, 'catkin_skip_building_tests': False, 'cmake_args': None, 'cmake_clean_cache': False, 'cmake_clean_first': False, 'cmake_force_configure': False, 'cmake_target': None, 'cmake_target_skip_unavailable': False, 'install_base': '/home/ferradar/ros2_ws/install/autonomous_patrol', 'merge_install': False, 'path': '/home/ferradar/ros2_ws/src/nomeer_robot_ros2/src/autonomous_patrol', 'symlink_install': False, 'test_result_base': None}
[0.586s] colcon.colcon_core.verb Level 5 set package 'mono_depth_onnx' build argument 'cmake_args' from command line to 'None'
[0.586s] colcon.colcon_core.verb Level 5 set package 'mono_depth_onnx' build argument 'cmake_target' from command line to 'None'
[0.586s] colcon.colcon_core.verb Level 5 set package 'mono_depth_onnx' build argument 'cmake_target_skip_unavailable' from command line to 'False'
[0.586s] colcon.colcon_core.verb Level 5 set package 'mono_depth_onnx' build argument 'cmake_clean_cache' from command line to 'False'
[0.586s] colcon.colcon_core.verb Level 5 set package 'mono_depth_onnx' build argument 'cmake_clean_first' from command line to 'False'
[0.586s] colcon.colcon_core.verb Level 5 set package 'mono_depth_onnx' build argument 'cmake_force_configure' from command line to 'False'
[0.586s] colcon.colcon_core.verb Level 5 set package 'mono_depth_onnx' build argument 'ament_cmake_args' from command line to 'None'
[0.586s] colcon.colcon_core.verb Level 5 set package 'mono_depth_onnx' build argument 'catkin_cmake_args' from command line to 'None'
[0.586s] colcon.colcon_core.verb Level 5 set package 'mono_depth_onnx' build argument 'catkin_skip_building_tests' from command line to 'False'
[0.586s] colcon.colcon_core.verb DEBUG Building package 'mono_depth_onnx' with the following arguments: {'ament_cmake_args': None, 'build_base': '/home/ferradar/ros2_ws/build/mono_depth_onnx', 'catkin_cmake_args': None, 'catkin_skip_building_tests': False, 'cmake_args': None, 'cmake_clean_cache': False, 'cmake_clean_first': False, 'cmake_force_configure': False, 'cmake_target': None, 'cmake_target_skip_unavailable': False, 'install_base': '/home/ferradar/ros2_ws/install/mono_depth_onnx', 'merge_install': False, 'path': '/home/ferradar/ros2_ws/src/nomeer_robot_ros2/src/mono_depth_onnx', 'symlink_install': False, 'test_result_base': None}
[0.586s] colcon.colcon_core.verb Level 5 set package 'robot_description' build argument 'cmake_args' from command line to 'None'
[0.586s] colcon.colcon_core.verb Level 5 set package 'robot_description' build argument 'cmake_target' from command line to 'None'
[0.586s] colcon.colcon_core.verb Level 5 set package 'robot_description' build argument 'cmake_target_skip_unavailable' from command line to 'False'
[0.586s] colcon.colcon_core.verb Level 5 set package 'robot_description' build argument 'cmake_clean_cache' from command line to 'False'
[0.586s] colcon.colcon_core.verb Level 5 set package 'robot_description' build argument 'cmake_clean_first' from command line to 'False'
[0.586s] colcon.colcon_core.verb Level 5 set package 'robot_description' build argument 'cmake_force_configure' from command line to 'False'
[0.586s] colcon.colcon_core.verb Level 5 set package 'robot_description' build argument 'ament_cmake_args' from command line to 'None'
[0.586s] colcon.colcon_core.verb Level 5 set package 'robot_description' build argument 'catkin_cmake_args' from command line to 'None'
[0.587s] colcon.colcon_core.verb Level 5 set package 'robot_description' build argument 'catkin_skip_building_tests' from command line to 'False'
[0.587s] colcon.colcon_core.verb DEBUG Building package 'robot_description' with the following arguments: {'ament_cmake_args': None, 'build_base': '/home/ferradar/ros2_ws/build/robot_description', 'catkin_cmake_args': None, 'catkin_skip_building_tests': False, 'cmake_args': None, 'cmake_clean_cache': False, 'cmake_clean_first': False, 'cmake_force_configure': False, 'cmake_target': None, 'cmake_target_skip_unavailable': False, 'install_base': '/home/ferradar/ros2_ws/install/robot_description', 'merge_install': False, 'path': '/home/ferradar/ros2_ws/src/nomeer_robot_ros2/src/robot_description', 'symlink_install': False, 'test_result_base': None}
[0.587s] colcon.colcon_core.executor INFO Executing jobs using 'parallel' executor
[0.588s] colcon.colcon_parallel_executor.executor.parallel DEBUG run_until_complete
[0.589s] colcon.colcon_ros.task.ament_cmake.build INFO Building ROS package in '/home/ferradar/ros2_ws/src/nomeer_robot_ros2/src/autonomous_patrol' with build type 'ament_cmake'
[0.589s] colcon.colcon_cmake.task.cmake.build INFO Building CMake package in '/home/ferradar/ros2_ws/src/nomeer_robot_ros2/src/autonomous_patrol'
[0.591s] colcon.colcon_core.plugin_system INFO Skipping extension 'colcon_core.shell.bat': Not used on non-Windows systems
[0.592s] colcon.colcon_core.shell INFO Skip shell extension 'powershell' for command environment: Not usable outside of PowerShell
[0.592s] colcon.colcon_core.shell DEBUG Skip shell extension 'dsv' for command environment
[0.599s] colcon.colcon_ros.task.ament_cmake.build INFO Building ROS package in '/home/ferradar/ros2_ws/src/nomeer_robot_ros2/src/mono_depth_onnx' with build type 'ament_cmake'
[0.599s] colcon.colcon_cmake.task.cmake.build INFO Building CMake package in '/home/ferradar/ros2_ws/src/nomeer_robot_ros2/src/mono_depth_onnx'
[0.600s] colcon.colcon_core.shell INFO Skip shell extension 'powershell' for command environment: Not usable outside of PowerShell
[0.601s] colcon.colcon_core.shell DEBUG Skip shell extension 'dsv' for command environment
[0.607s] colcon.colcon_ros.task.ament_cmake.build INFO Building ROS package in '/home/ferradar/ros2_ws/src/nomeer_robot_ros2/src/robot_description' with build type 'ament_cmake'
[0.607s] colcon.colcon_cmake.task.cmake.build INFO Building CMake package in '/home/ferradar/ros2_ws/src/nomeer_robot_ros2/src/robot_description'
[0.607s] colcon.colcon_core.shell INFO Skip shell extension 'powershell' for command environment: Not usable outside of PowerShell
[0.607s] colcon.colcon_core.shell DEBUG Skip shell extension 'dsv' for command environment
[0.619s] colcon.colcon_core.event_handler.log_command DEBUG Invoking command in '/home/ferradar/ros2_ws/build/autonomous_patrol': CMAKE_PREFIX_PATH=${CMAKE_PREFIX_PATH}:/opt/ros/humble /usr/bin/cmake /home/ferradar/ros2_ws/src/nomeer_robot_ros2/src/autonomous_patrol -DCMAKE_INSTALL_PREFIX=/home/ferradar/ros2_ws/install/autonomous_patrol
[0.625s] colcon.colcon_core.event_handler.log_command DEBUG Invoking command in '/home/ferradar/ros2_ws/build/mono_depth_onnx': CMAKE_PREFIX_PATH=${CMAKE_PREFIX_PATH}:/opt/ros/humble /usr/bin/cmake /home/ferradar/ros2_ws/src/nomeer_robot_ros2/src/mono_depth_onnx -DCMAKE_INSTALL_PREFIX=/home/ferradar/ros2_ws/install/mono_depth_onnx
[0.631s] colcon.colcon_core.event_handler.log_command DEBUG Invoking command in '/home/ferradar/ros2_ws/build/robot_description': CMAKE_PREFIX_PATH=${CMAKE_PREFIX_PATH}:/opt/ros/humble /usr/bin/cmake /home/ferradar/ros2_ws/src/nomeer_robot_ros2/src/robot_description -DCMAKE_INSTALL_PREFIX=/home/ferradar/ros2_ws/install/robot_description
[1.855s] colcon.colcon_core.event_handler.log_command DEBUG Invoked command in '/home/ferradar/ros2_ws/build/autonomous_patrol' returned '0': CMAKE_PREFIX_PATH=${CMAKE_PREFIX_PATH}:/opt/ros/humble /usr/bin/cmake /home/ferradar/ros2_ws/src/nomeer_robot_ros2/src/autonomous_patrol -DCMAKE_INSTALL_PREFIX=/home/ferradar/ros2_ws/install/autonomous_patrol
[1.862s] colcon.colcon_core.event_handler.log_command DEBUG Invoking command in '/home/ferradar/ros2_ws/build/autonomous_patrol': CMAKE_PREFIX_PATH=${CMAKE_PREFIX_PATH}:/opt/ros/humble /usr/bin/cmake --build /home/ferradar/ros2_ws/build/autonomous_patrol -- -j6 -l6
[1.985s] colcon.colcon_core.event_handler.log_command DEBUG Invoked command in '/home/ferradar/ros2_ws/build/mono_depth_onnx' returned '0': CMAKE_PREFIX_PATH=${CMAKE_PREFIX_PATH}:/opt/ros/humble /usr/bin/cmake /home/ferradar/ros2_ws/src/nomeer_robot_ros2/src/mono_depth_onnx -DCMAKE_INSTALL_PREFIX=/home/ferradar/ros2_ws/install/mono_depth_onnx
[1.992s] colcon.colcon_core.event_handler.log_command DEBUG Invoking command in '/home/ferradar/ros2_ws/build/mono_depth_onnx': CMAKE_PREFIX_PATH=${CMAKE_PREFIX_PATH}:/opt/ros/humble /usr/bin/cmake --build /home/ferradar/ros2_ws/build/mono_depth_onnx -- -j6 -l6
[2.461s] colcon.colcon_core.event_handler.log_command DEBUG Invoked command in '/home/ferradar/ros2_ws/build/autonomous_patrol' returned '0': CMAKE_PREFIX_PATH=${CMAKE_PREFIX_PATH}:/opt/ros/humble /usr/bin/cmake --build /home/ferradar/ros2_ws/build/autonomous_patrol -- -j6 -l6
[2.478s] colcon.colcon_core.event_handler.log_command DEBUG Invoking command in '/home/ferradar/ros2_ws/build/autonomous_patrol': CMAKE_PREFIX_PATH=${CMAKE_PREFIX_PATH}:/opt/ros/humble /usr/bin/cmake --install /home/ferradar/ros2_ws/build/autonomous_patrol
[2.585s] colcon.colcon_core.environment Level 1 create_environment_scripts_only(autonomous_patrol)
[2.586s] colcon.colcon_core.event_handler.log_command DEBUG Invoked command in '/home/ferradar/ros2_ws/build/autonomous_patrol' returned '0': CMAKE_PREFIX_PATH=${CMAKE_PREFIX_PATH}:/opt/ros/humble /usr/bin/cmake --install /home/ferradar/ros2_ws/build/autonomous_patrol
[2.593s] colcon.colcon_core.environment Level 1 checking '/home/ferradar/ros2_ws/install/autonomous_patrol' for CMake module files
[2.594s] colcon.colcon_core.environment Level 1 checking '/home/ferradar/ros2_ws/install/autonomous_patrol' for CMake config files
[2.596s] colcon.colcon_core.shell Level 1 create_environment_hook('autonomous_patrol', 'cmake_prefix_path')
[2.596s] colcon.colcon_core.shell INFO Creating environment hook '/home/ferradar/ros2_ws/install/autonomous_patrol/share/autonomous_patrol/hook/cmake_prefix_path.ps1'
[2.597s] colcon.colcon_core.shell INFO Creating environment descriptor '/home/ferradar/ros2_ws/install/autonomous_patrol/share/autonomous_patrol/hook/cmake_prefix_path.dsv'
[2.598s] colcon.colcon_core.shell INFO Creating environment hook '/home/ferradar/ros2_ws/install/autonomous_patrol/share/autonomous_patrol/hook/cmake_prefix_path.sh'
[2.601s] colcon.colcon_core.environment Level 1 checking '/home/ferradar/ros2_ws/install/autonomous_patrol/lib'
[2.601s] colcon.colcon_core.environment Level 1 checking '/home/ferradar/ros2_ws/install/autonomous_patrol/bin'
[2.602s] colcon.colcon_core.environment Level 1 checking '/home/ferradar/ros2_ws/install/autonomous_patrol/lib/pkgconfig/autonomous_patrol.pc'
[2.602s] colcon.colcon_core.environment Level 1 checking '/home/ferradar/ros2_ws/install/autonomous_patrol/lib/python3.10/site-packages'
[2.602s] colcon.colcon_core.environment Level 1 checking '/home/ferradar/ros2_ws/install/autonomous_patrol/bin'
[2.604s] colcon.colcon_core.shell INFO Creating package script '/home/ferradar/ros2_ws/install/autonomous_patrol/share/autonomous_patrol/package.ps1'
[2.606s] colcon.colcon_core.shell INFO Creating package descriptor '/home/ferradar/ros2_ws/install/autonomous_patrol/share/autonomous_patrol/package.dsv'
[2.610s] colcon.colcon_core.shell INFO Creating package script '/home/ferradar/ros2_ws/install/autonomous_patrol/share/autonomous_patrol/package.sh'
[2.611s] colcon.colcon_core.shell INFO Creating package script '/home/ferradar/ros2_ws/install/autonomous_patrol/share/autonomous_patrol/package.bash'
[2.613s] colcon.colcon_core.shell INFO Creating package script '/home/ferradar/ros2_ws/install/autonomous_patrol/share/autonomous_patrol/package.zsh'
[2.615s] colcon.colcon_core.environment Level 1 create_file_with_runtime_dependencies(/home/ferradar/ros2_ws/install/autonomous_patrol/share/colcon-core/packages/autonomous_patrol)
[2.616s] colcon.colcon_core.environment Level 1 create_environment_scripts_only(autonomous_patrol)
[2.617s] colcon.colcon_core.environment Level 1 checking '/home/ferradar/ros2_ws/install/autonomous_patrol' for CMake module files
[2.618s] colcon.colcon_core.environment Level 1 checking '/home/ferradar/ros2_ws/install/autonomous_patrol' for CMake config files
[2.619s] colcon.colcon_core.shell Level 1 create_environment_hook('autonomous_patrol', 'cmake_prefix_path')
[2.619s] colcon.colcon_core.shell INFO Creating environment hook '/home/ferradar/ros2_ws/install/autonomous_patrol/share/autonomous_patrol/hook/cmake_prefix_path.ps1'
[2.620s] colcon.colcon_core.shell INFO Creating environment descriptor '/home/ferradar/ros2_ws/install/autonomous_patrol/share/autonomous_patrol/hook/cmake_prefix_path.dsv'
[2.620s] colcon.colcon_core.shell INFO Creating environment hook '/home/ferradar/ros2_ws/install/autonomous_patrol/share/autonomous_patrol/hook/cmake_prefix_path.sh'
[2.621s] colcon.colcon_core.environment Level 1 checking '/home/ferradar/ros2_ws/install/autonomous_patrol/lib'
[2.621s] colcon.colcon_core.environment Level 1 checking '/home/ferradar/ros2_ws/install/autonomous_patrol/bin'
[2.622s] colcon.colcon_core.environment Level 1 checking '/home/ferradar/ros2_ws/install/autonomous_patrol/lib/pkgconfig/autonomous_patrol.pc'
[2.622s] colcon.colcon_core.environment Level 1 checking '/home/ferradar/ros2_ws/install/autonomous_patrol/lib/python3.10/site-packages'
[2.623s] colcon.colcon_core.environment Level 1 checking '/home/ferradar/ros2_ws/install/autonomous_patrol/bin'
[2.624s] colcon.colcon_core.shell INFO Creating package script '/home/ferradar/ros2_ws/install/autonomous_patrol/share/autonomous_patrol/package.ps1'
[2.625s] colcon.colcon_core.shell INFO Creating package descriptor '/home/ferradar/ros2_ws/install/autonomous_patrol/share/autonomous_patrol/package.dsv'
[2.626s] colcon.colcon_core.shell INFO Creating package script '/home/ferradar/ros2_ws/install/autonomous_patrol/share/autonomous_patrol/package.sh'
[2.626s] colcon.colcon_core.shell INFO Creating package script '/home/ferradar/ros2_ws/install/autonomous_patrol/share/autonomous_patrol/package.bash'
[2.627s] colcon.colcon_core.shell INFO Creating package script '/home/ferradar/ros2_ws/install/autonomous_patrol/share/autonomous_patrol/package.zsh'
[2.627s] colcon.colcon_core.environment Level 1 create_file_with_runtime_dependencies(/home/ferradar/ros2_ws/install/autonomous_patrol/share/colcon-core/packages/autonomous_patrol)
[2.630s] colcon.colcon_core.event_handler.log_command DEBUG Invoked command in '/home/ferradar/ros2_ws/build/mono_depth_onnx' returned '0': CMAKE_PREFIX_PATH=${CMAKE_PREFIX_PATH}:/opt/ros/humble /usr/bin/cmake --build /home/ferradar/ros2_ws/build/mono_depth_onnx -- -j6 -l6
[2.633s] colcon.colcon_core.event_handler.log_command DEBUG Invoking command in '/home/ferradar/ros2_ws/build/mono_depth_onnx': CMAKE_PREFIX_PATH=${CMAKE_PREFIX_PATH}:/opt/ros/humble /usr/bin/cmake --install /home/ferradar/ros2_ws/build/mono_depth_onnx
[2.736s] colcon.colcon_core.environment Level 1 create_environment_scripts_only(mono_depth_onnx)
[2.737s] colcon.colcon_core.environment Level 1 checking '/home/ferradar/ros2_ws/install/mono_depth_onnx' for CMake module files
[2.738s] colcon.colcon_core.event_handler.log_command DEBUG Invoked command in '/home/ferradar/ros2_ws/build/mono_depth_onnx' returned '0': CMAKE_PREFIX_PATH=${CMAKE_PREFIX_PATH}:/opt/ros/humble /usr/bin/cmake --install /home/ferradar/ros2_ws/build/mono_depth_onnx
[2.739s] colcon.colcon_core.environment Level 1 checking '/home/ferradar/ros2_ws/install/mono_depth_onnx' for CMake config files
[2.739s] colcon.colcon_core.shell Level 1 create_environment_hook('mono_depth_onnx', 'cmake_prefix_path')
[2.740s] colcon.colcon_core.shell INFO Creating environment hook '/home/ferradar/ros2_ws/install/mono_depth_onnx/share/mono_depth_onnx/hook/cmake_prefix_path.ps1'
[2.740s] colcon.colcon_core.shell INFO Creating environment descriptor '/home/ferradar/ros2_ws/install/mono_depth_onnx/share/mono_depth_onnx/hook/cmake_prefix_path.dsv'
[2.741s] colcon.colcon_core.shell INFO Creating environment hook '/home/ferradar/ros2_ws/install/mono_depth_onnx/share/mono_depth_onnx/hook/cmake_prefix_path.sh'
[2.741s] colcon.colcon_core.environment Level 1 checking '/home/ferradar/ros2_ws/install/mono_depth_onnx/lib'
[2.741s] colcon.colcon_core.environment Level 1 checking '/home/ferradar/ros2_ws/install/mono_depth_onnx/bin'
[2.741s] colcon.colcon_core.environment Level 1 checking '/home/ferradar/ros2_ws/install/mono_depth_onnx/lib/pkgconfig/mono_depth_onnx.pc'
[2.742s] colcon.colcon_core.environment Level 1 checking '/home/ferradar/ros2_ws/install/mono_depth_onnx/lib/python3.10/site-packages'
[2.742s] colcon.colcon_core.environment Level 1 checking '/home/ferradar/ros2_ws/install/mono_depth_onnx/bin'
[2.742s] colcon.colcon_core.shell INFO Creating package script '/home/ferradar/ros2_ws/install/mono_depth_onnx/share/mono_depth_onnx/package.ps1'
[2.743s] colcon.colcon_core.shell INFO Creating package descriptor '/home/ferradar/ros2_ws/install/mono_depth_onnx/share/mono_depth_onnx/package.dsv'
[2.743s] colcon.colcon_core.shell INFO Creating package script '/home/ferradar/ros2_ws/install/mono_depth_onnx/share/mono_depth_onnx/package.sh'
[2.744s] colcon.colcon_core.shell INFO Creating package script '/home/ferradar/ros2_ws/install/mono_depth_onnx/share/mono_depth_onnx/package.bash'
[2.744s] colcon.colcon_core.shell INFO Creating package script '/home/ferradar/ros2_ws/install/mono_depth_onnx/share/mono_depth_onnx/package.zsh'
[2.744s] colcon.colcon_core.environment Level 1 create_file_with_runtime_dependencies(/home/ferradar/ros2_ws/install/mono_depth_onnx/share/colcon-core/packages/mono_depth_onnx)
[2.745s] colcon.colcon_core.environment Level 1 create_environment_scripts_only(mono_depth_onnx)
[2.745s] colcon.colcon_core.environment Level 1 checking '/home/ferradar/ros2_ws/install/mono_depth_onnx' for CMake module files
[2.746s] colcon.colcon_core.environment Level 1 checking '/home/ferradar/ros2_ws/install/mono_depth_onnx' for CMake config files
[2.747s] colcon.colcon_core.shell Level 1 create_environment_hook('mono_depth_onnx', 'cmake_prefix_path')
[2.747s] colcon.colcon_core.shell INFO Creating environment hook '/home/ferradar/ros2_ws/install/mono_depth_onnx/share/mono_depth_onnx/hook/cmake_prefix_path.ps1'
[2.747s] colcon.colcon_core.shell INFO Creating environment descriptor '/home/ferradar/ros2_ws/install/mono_depth_onnx/share/mono_depth_onnx/hook/cmake_prefix_path.dsv'
[2.748s] colcon.colcon_core.shell INFO Creating environment hook '/home/ferradar/ros2_ws/install/mono_depth_onnx/share/mono_depth_onnx/hook/cmake_prefix_path.sh'
[2.748s] colcon.colcon_core.environment Level 1 checking '/home/ferradar/ros2_ws/install/mono_depth_onnx/lib'
[2.748s] colcon.colcon_core.environment Level 1 checking '/home/ferradar/ros2_ws/install/mono_depth_onnx/bin'
[2.748s] colcon.colcon_core.environment Level 1 checking '/home/ferradar/ros2_ws/install/mono_depth_onnx/lib/pkgconfig/mono_depth_onnx.pc'
[2.749s] colcon.colcon_core.environment Level 1 checking '/home/ferradar/ros2_ws/install/mono_depth_onnx/lib/python3.10/site-packages'
[2.749s] colcon.colcon_core.environment Level 1 checking '/home/ferradar/ros2_ws/install/mono_depth_onnx/bin'
[2.749s] colcon.colcon_core.shell INFO Creating package script '/home/ferradar/ros2_ws/install/mono_depth_onnx/share/mono_depth_onnx/package.ps1'
[2.750s] colcon.colcon_core.shell INFO Creating package descriptor '/home/ferradar/ros2_ws/install/mono_depth_onnx/share/mono_depth_onnx/package.dsv'
[2.750s] colcon.colcon_core.shell INFO Creating package script '/home/ferradar/ros2_ws/install/mono_depth_onnx/share/mono_depth_onnx/package.sh'
[2.751s] colcon.colcon_core.shell INFO Creating package script '/home/ferradar/ros2_ws/install/mono_depth_onnx/share/mono_depth_onnx/package.bash'
[2.751s] colcon.colcon_core.shell INFO Creating package script '/home/ferradar/ros2_ws/install/mono_depth_onnx/share/mono_depth_onnx/package.zsh'
[2.752s] colcon.colcon_core.environment Level 1 create_file_with_runtime_dependencies(/home/ferradar/ros2_ws/install/mono_depth_onnx/share/colcon-core/packages/mono_depth_onnx)
[3.607s] colcon.colcon_core.event_handler.log_command DEBUG Invoked command in '/home/ferradar/ros2_ws/build/robot_description' returned '0': CMAKE_PREFIX_PATH=${CMAKE_PREFIX_PATH}:/opt/ros/humble /usr/bin/cmake /home/ferradar/ros2_ws/src/nomeer_robot_ros2/src/robot_description -DCMAKE_INSTALL_PREFIX=/home/ferradar/ros2_ws/install/robot_description
[3.608s] colcon.colcon_core.event_handler.log_command DEBUG Invoking command in '/home/ferradar/ros2_ws/build/robot_description': CMAKE_PREFIX_PATH=${CMAKE_PREFIX_PATH}:/opt/ros/humble /usr/bin/cmake --build /home/ferradar/ros2_ws/build/robot_description -- -j6 -l6
[3.664s] colcon.colcon_core.event_handler.log_command DEBUG Invoked command in '/home/ferradar/ros2_ws/build/robot_description' returned '0': CMAKE_PREFIX_PATH=${CMAKE_PREFIX_PATH}:/opt/ros/humble /usr/bin/cmake --build /home/ferradar/ros2_ws/build/robot_description -- -j6 -l6
[3.667s] colcon.colcon_core.event_handler.log_command DEBUG Invoking command in '/home/ferradar/ros2_ws/build/robot_description': CMAKE_PREFIX_PATH=${CMAKE_PREFIX_PATH}:/opt/ros/humble /usr/bin/cmake --install /home/ferradar/ros2_ws/build/robot_description
[3.694s] colcon.colcon_core.environment Level 1 create_environment_scripts_only(robot_description)
[3.694s] colcon.colcon_core.environment Level 1 checking '/home/ferradar/ros2_ws/install/robot_description' for CMake module files
[3.695s] colcon.colcon_core.environment Level 1 checking '/home/ferradar/ros2_ws/install/robot_description' for CMake config files
[3.695s] colcon.colcon_core.shell Level 1 create_environment_hook('robot_description', 'cmake_prefix_path')
[3.695s] colcon.colcon_core.shell INFO Creating environment hook '/home/ferradar/ros2_ws/install/robot_description/share/robot_description/hook/cmake_prefix_path.ps1'
[3.696s] colcon.colcon_core.shell INFO Creating environment descriptor '/home/ferradar/ros2_ws/install/robot_description/share/robot_description/hook/cmake_prefix_path.dsv'
[3.696s] colcon.colcon_core.shell INFO Creating environment hook '/home/ferradar/ros2_ws/install/robot_description/share/robot_description/hook/cmake_prefix_path.sh'
[3.697s] colcon.colcon_core.event_handler.log_command DEBUG Invoked command in '/home/ferradar/ros2_ws/build/robot_description' returned '0': CMAKE_PREFIX_PATH=${CMAKE_PREFIX_PATH}:/opt/ros/humble /usr/bin/cmake --install /home/ferradar/ros2_ws/build/robot_description
[3.698s] colcon.colcon_core.environment Level 1 checking '/home/ferradar/ros2_ws/install/robot_description/bin'
[3.698s] colcon.colcon_core.environment Level 1 checking '/home/ferradar/ros2_ws/install/robot_description/lib/pkgconfig/robot_description.pc'
[3.698s] colcon.colcon_core.environment Level 1 checking '/home/ferradar/ros2_ws/install/robot_description/lib/python3.10/site-packages'
[3.699s] colcon.colcon_core.environment Level 1 checking '/home/ferradar/ros2_ws/install/robot_description/bin'
[3.700s] colcon.colcon_core.shell INFO Creating package script '/home/ferradar/ros2_ws/install/robot_description/share/robot_description/package.ps1'
[3.700s] colcon.colcon_core.shell INFO Creating package descriptor '/home/ferradar/ros2_ws/install/robot_description/share/robot_description/package.dsv'
[3.701s] colcon.colcon_core.shell INFO Creating package script '/home/ferradar/ros2_ws/install/robot_description/share/robot_description/package.sh'
[3.701s] colcon.colcon_core.shell INFO Creating package script '/home/ferradar/ros2_ws/install/robot_description/share/robot_description/package.bash'
[3.702s] colcon.colcon_core.shell INFO Creating package script '/home/ferradar/ros2_ws/install/robot_description/share/robot_description/package.zsh'
[3.702s] colcon.colcon_core.environment Level 1 create_file_with_runtime_dependencies(/home/ferradar/ros2_ws/install/robot_description/share/colcon-core/packages/robot_description)
[3.703s] colcon.colcon_core.environment Level 1 create_environment_scripts_only(robot_description)
[3.703s] colcon.colcon_core.environment Level 1 checking '/home/ferradar/ros2_ws/install/robot_description' for CMake module files
[3.704s] colcon.colcon_core.environment Level 1 checking '/home/ferradar/ros2_ws/install/robot_description' for CMake config files
[3.704s] colcon.colcon_core.shell Level 1 create_environment_hook('robot_description', 'cmake_prefix_path')
[3.705s] colcon.colcon_core.shell INFO Creating environment hook '/home/ferradar/ros2_ws/install/robot_description/share/robot_description/hook/cmake_prefix_path.ps1'
[3.706s] colcon.colcon_core.shell INFO Creating environment descriptor '/home/ferradar/ros2_ws/install/robot_description/share/robot_description/hook/cmake_prefix_path.dsv'
[3.706s] colcon.colcon_core.shell INFO Creating environment hook '/home/ferradar/ros2_ws/install/robot_description/share/robot_description/hook/cmake_prefix_path.sh'
[3.707s] colcon.colcon_core.environment Level 1 checking '/home/ferradar/ros2_ws/install/robot_description/bin'
[3.707s] colcon.colcon_core.environment Level 1 checking '/home/ferradar/ros2_ws/install/robot_description/lib/pkgconfig/robot_description.pc'
[3.707s] colcon.colcon_core.environment Level 1 checking '/home/ferradar/ros2_ws/install/robot_description/lib/python3.10/site-packages'
[3.708s] colcon.colcon_core.environment Level 1 checking '/home/ferradar/ros2_ws/install/robot_description/bin'
[3.708s] colcon.colcon_core.shell INFO Creating package script '/home/ferradar/ros2_ws/install/robot_description/share/robot_description/package.ps1'
[3.709s] colcon.colcon_core.shell INFO Creating package descriptor '/home/ferradar/ros2_ws/install/robot_description/share/robot_description/package.dsv'
[3.709s] colcon.colcon_core.shell INFO Creating package script '/home/ferradar/ros2_ws/install/robot_description/share/robot_description/package.sh'
[3.710s] colcon.colcon_core.shell INFO Creating package script '/home/ferradar/ros2_ws/install/robot_description/share/robot_description/package.bash'
[3.710s] colcon.colcon_core.shell INFO Creating package script '/home/ferradar/ros2_ws/install/robot_description/share/robot_description/package.zsh'
[3.711s] colcon.colcon_core.environment Level 1 create_file_with_runtime_dependencies(/home/ferradar/ros2_ws/install/robot_description/share/colcon-core/packages/robot_description)
[3.712s] colcon.colcon_parallel_executor.executor.parallel DEBUG closing loop
[3.712s] colcon.colcon_parallel_executor.executor.parallel DEBUG loop closed
[3.712s] colcon.colcon_parallel_executor.executor.parallel DEBUG run_until_complete finished with '0'
[3.712s] colcon.colcon_core.event_reactor DEBUG joining thread
[3.723s] colcon.colcon_core.plugin_system INFO Skipping extension 'colcon_notification.desktop_notification.terminal_notifier': Not used on non-Darwin systems
[3.723s] colcon.colcon_core.plugin_system INFO Skipping extension 'colcon_notification.desktop_notification.win32': Not used on non-Windows systems
[3.723s] colcon.colcon_notification.desktop_notification INFO Sending desktop notification using 'notify2'
[3.744s] colcon.colcon_core.event_reactor DEBUG joined thread
[3.745s] colcon.colcon_core.shell INFO Creating prefix script '/home/ferradar/ros2_ws/install/local_setup.ps1'
[3.746s] colcon.colcon_core.shell INFO Creating prefix util module '/home/ferradar/ros2_ws/install/_local_setup_util_ps1.py'
[3.753s] colcon.colcon_core.shell INFO Creating prefix chain script '/home/ferradar/ros2_ws/install/setup.ps1'
[3.755s] colcon.colcon_core.shell INFO Creating prefix script '/home/ferradar/ros2_ws/install/local_setup.sh'
[3.756s] colcon.colcon_core.shell INFO Creating prefix util module '/home/ferradar/ros2_ws/install/_local_setup_util_sh.py'
[3.757s] colcon.colcon_core.shell INFO Creating prefix chain script '/home/ferradar/ros2_ws/install/setup.sh'
[3.758s] colcon.colcon_core.shell INFO Creating prefix script '/home/ferradar/ros2_ws/install/local_setup.bash'
[3.760s] colcon.colcon_core.shell INFO Creating prefix chain script '/home/ferradar/ros2_ws/install/setup.bash'
[3.761s] colcon.colcon_core.shell INFO Creating prefix script '/home/ferradar/ros2_ws/install/local_setup.zsh'
[3.762s] colcon.colcon_core.shell INFO Creating prefix chain script '/home/ferradar/ros2_ws/install/setup.zsh'
