[0.013s] Invoking command in '/home/ferradar/ros2_ws/build/robot_description': CMAKE_PREFIX_PATH=${CMAKE_PREFIX_PATH}:/opt/ros/humble /usr/bin/cmake --build /home/ferradar/ros2_ws/build/robot_description -- -j6 -l6
[0.048s] Invoked command in '/home/ferradar/ros2_ws/build/robot_description' returned '0': CMAKE_PREFIX_PATH=${CMAKE_PREFIX_PATH}:/opt/ros/humble /usr/bin/cmake --build /home/ferradar/ros2_ws/build/robot_description -- -j6 -l6
[0.055s] Invoking command in '/home/ferradar/ros2_ws/build/robot_description': CMAKE_PREFIX_PATH=${CMAKE_PREFIX_PATH}:/opt/ros/humble /usr/bin/cmake --install /home/ferradar/ros2_ws/build/robot_description
[0.060s] -- Install configuration: ""
[0.060s] -- Up-to-date: /home/ferradar/ros2_ws/install/robot_description/share/robot_description//config
[0.060s] -- Up-to-date: /home/ferradar/ros2_ws/install/robot_description/share/robot_description//config/ros_gz_bridge.yaml
[0.060s] -- Up-to-date: /home/ferradar/ros2_ws/install/robot_description/share/robot_description//launch
[0.061s] -- Up-to-date: /home/ferradar/ros2_ws/install/robot_description/share/robot_description//launch/robot.launch.py
[0.061s] -- Up-to-date: /home/ferradar/ros2_ws/install/robot_description/share/robot_description//models
[0.061s] -- Up-to-date: /home/ferradar/ros2_ws/install/robot_description/share/robot_description//models/nomeer_robot
[0.061s] -- Up-to-date: /home/ferradar/ros2_ws/install/robot_description/share/robot_description//models/nomeer_robot/robot.config
[0.061s] -- Up-to-date: /home/ferradar/ros2_ws/install/robot_description/share/robot_description//models/nomeer_robot/robot.sdf
[0.061s] -- Up-to-date: /home/ferradar/ros2_ws/install/robot_description/share/robot_description//worlds
[0.061s] -- Up-to-date: /home/ferradar/ros2_ws/install/robot_description/share/robot_description//worlds/industrial-warehouse.sdf
[0.061s] -- Up-to-date: /home/ferradar/ros2_ws/install/robot_description/share/robot_description//worlds/empty.sdf
[0.061s] -- Up-to-date: /home/ferradar/ros2_ws/install/robot_description/share/robot_description//rviz
[0.061s] -- Up-to-date: /home/ferradar/ros2_ws/install/robot_description/share/robot_description//rviz/.placeholder
[0.061s] -- Up-to-date: /home/ferradar/ros2_ws/install/robot_description/share/robot_description//rviz/rviz.rviz
[0.061s] -- Up-to-date: /home/ferradar/ros2_ws/install/robot_description/share/ament_index/resource_index/package_run_dependencies/robot_description
[0.062s] -- Up-to-date: /home/ferradar/ros2_ws/install/robot_description/share/ament_index/resource_index/parent_prefix_path/robot_description
[0.062s] -- Up-to-date: /home/ferradar/ros2_ws/install/robot_description/share/robot_description/environment/ament_prefix_path.sh
[0.062s] -- Up-to-date: /home/ferradar/ros2_ws/install/robot_description/share/robot_description/environment/ament_prefix_path.dsv
[0.062s] -- Up-to-date: /home/ferradar/ros2_ws/install/robot_description/share/robot_description/environment/path.sh
[0.062s] -- Up-to-date: /home/ferradar/ros2_ws/install/robot_description/share/robot_description/environment/path.dsv
[0.062s] -- Up-to-date: /home/ferradar/ros2_ws/install/robot_description/share/robot_description/local_setup.bash
[0.062s] -- Up-to-date: /home/ferradar/ros2_ws/install/robot_description/share/robot_description/local_setup.sh
[0.062s] -- Up-to-date: /home/ferradar/ros2_ws/install/robot_description/share/robot_description/local_setup.zsh
[0.063s] -- Up-to-date: /home/ferradar/ros2_ws/install/robot_description/share/robot_description/local_setup.dsv
[0.063s] -- Installing: /home/ferradar/ros2_ws/install/robot_description/share/robot_description/package.dsv
[0.063s] -- Up-to-date: /home/ferradar/ros2_ws/install/robot_description/share/ament_index/resource_index/packages/robot_description
[0.063s] -- Up-to-date: /home/ferradar/ros2_ws/install/robot_description/share/robot_description/cmake/robot_descriptionConfig.cmake
[0.063s] -- Up-to-date: /home/ferradar/ros2_ws/install/robot_description/share/robot_description/cmake/robot_descriptionConfig-version.cmake
[0.063s] -- Up-to-date: /home/ferradar/ros2_ws/install/robot_description/share/robot_description/package.xml
[0.064s] Invoked command in '/home/ferradar/ros2_ws/build/robot_description' returned '0': CMAKE_PREFIX_PATH=${CMAKE_PREFIX_PATH}:/opt/ros/humble /usr/bin/cmake --install /home/ferradar/ros2_ws/build/robot_description
